このファイル"latlon3.out"は，プログラムTKY2JGD Ver.1.3.79が"latlon.in"を読み込んで計算処理したものです。
使用した変換パラメータファイルは，"TKY2JGD.par" Ver.2.1.1です。
次に示すように，各行の最初の２つの数字が，変換されたJGD2000系の緯度，経度を表しています。
       JGD2000系（計算値）
     緯度            経度
 ddmmss.sssss   dddmmss.sssss
行末に「3parameters」があるものは，地域毎のパラメータがなかったか3パラメータで変換するよう設定されていたため，「東京大正」三角点における3パラメータで変換したものです。
また，「-9999.」がある行は，変換されなかった行です。
以上のどちらでもない行は，「地域毎の変換パラメータ」で変換された行です。
ただし，コメント行や数値の形式が不正な行は，変換されずにそのまま出力されます。
#Y_ddmmss.00000 X_dddmmss.00000
 283043.55950   1293937.45964  
 281143.61045   1291237.60086  
 281643.59058   1291707.58419  
 281943.60231   1293207.50774  
 274043.72697   1285607.75310  
 274443.98907   1290207.48502   3parameters
 272343.81247   1283937.86706  
 282143.64317   1300037.40821  
 452437.73264   1414530.84195   3parameters
 451737.85989   1410201.35571  
 451037.91701   1410801.34940  
 445338.12192   1414401.22058  
 442138.32519   1414231.34521  
 442138.42298   1422731.10094  
 445638.20576   1423500.92444  
 440538.65907   1433200.85851  
 262043.98307   1264838.54332  
 261344.06853   1271838.41004  
 270144.23182   1282737.71072   3parameters
 265544.24424   1275737.87190   3parameters
 264243.95677   1274838.21040  
 264043.98950   1275908.16429  
 264643.97687   1281238.08886  
 264443.99728   1281838.06499  
 263544.01597   1275908.17497  
 263744.02522   1280938.13016  
 262444.05266   1274408.26808  
 262944.03699   1275138.22371  
 262744.05358   1275608.20631  
 261344.11104   1274238.29935  
 261844.10323   1275438.22199  
 261744.09968   1274838.26030  
 261044.13816   1274838.28097  
 260744.14081   1273938.33168  
 260944.15359   1275308.26271  
 434238.62722   1420201.38494  
 433638.59281   1412301.59557  
 432738.77618   1422731.29193  
 431138.68498   1404701.86013  
 431438.78883   1415301.52689  
 430938.79284   1413631.62312  
 424238.80814   1400332.18348  
 424539.01980   1420801.54418  
 422439.03506   1410631.92219  
 422039.21004   1422131.54705  
 435138.66015   1424531.12108  
 435838.68586   1441830.34416   3parameters
 432738.93327   1434530.90060  
 430139.00372   1425301.24781  
 425439.16932   1435130.97330  
 425739.23503   1443200.72983  
 433938.99232   1450800.42597  
 431339.17090   1453330.12743   3parameters
 243935.79780   1244126.21754  
 242749.74726   1230046.62903  
 242345.01124   1234409.32122   3parameters
 242749.73242   1240816.45153  
 242049.75319   1240946.42994  
 242049.74262   1241246.42181  
 241844.77366   1235439.68019  
 241949.77068   1240516.44319  
 241344.79789   1240039.64217  
 240344.89052   1234539.69143  
 245444.88123   1251838.80707   3parameters
 244843.07021   1251111.26277  
 244743.08582   1251711.23172  
 244443.10125   1251711.23216  
 421038.94701   1393032.44671  
 421538.94791   1401702.05396   3parameters
 421339.01740   1401832.19812  
 415739.10267   1400802.30093  
 415339.18987   1404102.15066  
 414939.27108   1410802.02763  
 414939.23539   1410931.85406   3parameters
 413139.36204   1405432.16833  
 412839.31115   1401532.34198  
 412439.42800   1410932.09588  
 411339.40970   1402432.21896   3parameters
 411139.49763   1410202.16920  
 411839.48299   1412002.07372  
 410039.51382   1402602.37460  
 410239.52194   1403802.31298  
 410839.49740   1404832.23736  
 410739.54625   1411702.11284  
 405439.61620   1410202.21109  
 405839.60225   1412302.10436  
 404639.58508   1401232.47121  
 404439.61909   1402602.41551  
 404739.61936   1403802.34866  
 404939.62674   1405132.27397  
 404839.65772   1410802.20166  
 415539.50289   1431401.40083  
 403539.62043   1395432.60107  
 395239.91528   1395002.76574  
 391140.17433   1393332.93901  
 391440.19285   1395432.81775  
 403439.66929   1401832.48197  
 403639.69713   1404102.36359  
 403139.72161   1403502.40041  
 403539.74640   1411232.20779  
 403039.79619   1411832.18500  
 403139.80662   1413202.10526  
 402239.72564   1400032.62443  
 402039.85507   1410802.26503  
 402539.89719   1414231.95508   3parameters
 401239.79938   1400032.65095  
 401839.78143   1401702.53814  
 401539.83005   1403332.45872  
 401639.84847   1404702.37999  
 401639.90333   1411832.21648  
 401539.92401   1412902.15660  
 401339.95758   1414232.08847  
 400539.85416   1400502.64469  
 400639.88232   1402732.51895  
 400639.92326   1404702.40655  
 400839.93998   1410632.30332  
 400240.01305   1412602.19392  
 400939.97630   1413502.13629  
 395639.91785   1400632.65983  
 395939.92825   1402432.55510  
 395840.02185   1411402.27033  
 395740.01251   1410332.33409  
 395040.10067   1412732.21812  
 395240.10237   1413932.15190  
 395540.10202   1415432.06704  
 395040.12970   1414702.11337  
 394340.00478   1400632.69669  
 394840.01945   1403502.53051  
 394240.07200   1404402.48622  
 394140.11406   1405902.38809  
 394440.12038   1411402.29940  
 393440.07756   1401102.69656  
 393240.11669   1402302.64147  
 393540.10460   1403332.56774  
 393340.18874   1410932.34813  
 393040.22893   1412002.29837  
 393740.20601   1413632.19754  
 393140.25283   1413932.19256  
 393840.22904   1415732.08146  
 392640.13897   1400502.75235  
 392340.19126   1403202.60487  
 392840.18360   1404832.47251  
 392340.25878   1410632.38535  
 392840.30064   1415902.09769  
 391340.22656   1400802.75281  
 391740.21629   1401702.69937  
 391840.25742   1404702.50420  
 391340.32784   1410802.39703  
 391040.36852   1412132.33189  
 391940.32951   1413502.24408  
 391540.37999   1415302.14958  
 390940.28408   1402902.65033  
 390540.28963   1401702.71407  
 390540.34107   1404402.55487  
 390740.35978   1410332.43305  
 390940.37958   1412432.31837  
 390740.42041   1413932.24614  
 372340.65243   1365434.12866  
 372940.63643   1371104.02583  
 385740.30869   1395602.84555  
 385440.31861   1395002.88529  
 384340.39806   1395002.90687  
 383740.41666   1393502.97748  
 383140.47917   1394702.94356  
 383040.48551   1394702.94459  
 382740.46463   1391533.08539   3parameters
 382940.47194   1393203.00825  
 382340.54378   1395902.88797  
 381440.44452   1382433.49119  
 381340.56203   1392903.06940  
 380240.51068   1381403.56906  
 380340.52287   1382433.51260  
 380540.62801   1393333.08210  
 380340.65458   1394403.03300  
 380240.68400   1395902.95440  
 375540.64896   1390333.29351  
 375740.65785   1391833.20787  
 375540.71999   1395133.01806  
 374840.60642   1381403.61466  
 374540.69847   1385303.39215  
 374440.73881   1391103.28097  
 374040.78464   1392733.20526  
 373240.77434   1384103.49656  
 373140.78238   1384103.49891  
 373440.79649   1390203.35933  
 373540.82757   1393803.15196  
 373840.81951   1394703.09273  
 372240.84469   1383333.55752  
 372540.84321   1385433.42693  
 372040.89428   1390803.35593  
 372040.90157   1391833.29823  
 372840.86257   1393203.20468  
 372040.92428   1393633.19669  
 372940.89739   1395433.07129  
 385840.34175   1402002.71036  
 385540.44781   1410802.43918  
 385040.50487   1412002.38573  
 385540.49379   1413502.29373  
 384440.41794   1400802.80456  
 384640.42096   1401832.74617  
 384840.44196   1403802.63969  
 384540.44785   1403032.68623  
 384340.51904   1410032.51451  
 384740.52585   1412002.39239  
 384440.54243   1411832.40821  
 384040.58554   1412732.36995  
 383540.50864   1402302.75171  
 383540.54615   1404532.63364  
 383440.58914   1410932.48186  
 382440.56949   1401402.82511  
 382440.58987   1402732.75895  
 382640.61850   1405302.61140  
 382640.66300   1411832.45866  
 381040.64140   1400502.89908  
 381540.63582   1402002.80661  
 381040.69874   1403802.73022  
 381740.69744   1405902.60579  
 381740.75426   1413032.40734  
 381740.75641   1413202.39974  
 380340.69514   1400932.89592  
 380040.75169   1403632.76706  
 380240.77805   1405432.67718  
 375440.74459   1400502.94559  
 375940.74547   1402602.82576  
 375840.78479   1404702.72118  
 374840.82988   1403332.80986  
 374740.87395   1405432.71339  
 373440.87421   1400632.99169  
 373540.90368   1402602.88220  
 373940.89931   1404232.79004  
 373340.96533   1405902.72268  
 372440.94798   1400803.00638  
 372740.94795   1402002.93298  
 372640.96932   1403032.87910  
 372640.98509   1404232.82407  
 361740.94786   1331405.45534  
 361240.99888   1332005.42431  
 360541.01359   1325905.55161  
 371840.71403   1370934.06380  
 370840.73478   1364404.23276  
 370240.79410   1365304.20092  
 370740.77447   1370034.14359  
 365140.87159   1364704.26915  
 365140.88852   1365904.18813  
 364240.95701   1365604.23262  
 364840.95467   1372304.05115  
 364140.98961   1371534.11055  
 363341.00004   1363934.34714  
 363540.99880   1364834.28704  
 363441.03181   1370804.16522  
 363641.02640   1371834.10271  
 362041.09196   1363204.40286  
 362141.10717   1365304.27663  
 362841.08549   1371404.13908  
 362741.08195   1370204.22075  
 361841.08269   1361834.48744  
 361741.10744   1362904.42676  
 361641.13331   1364104.35855  
 361041.16654   1363804.38205  
 361541.15493   1365434.27587  
 361841.14956   1370634.18444  
 361841.16325   1371534.12704  
 360141.17975   1360034.63268  
 360841.15418   1361704.51980  
 360441.18822   1361834.51758  
 360141.27181   1365734.26186  
 360841.23950   1371834.12057  
 360241.30939   1372904.06435  
 355241.27311   1361404.56104  
 355941.23029   1362904.45771  
 355441.28702   1363934.38402  
 355241.32793   1365134.30666  
 355241.35594   1371234.17380  
 354241.29987   1350634.94150  
 354141.34460   1360204.66773  
 354141.36864   1362904.47717  
 354541.36700   1364834.33043  
 354341.39411   1365734.27975  
 354041.43255   1370804.22438  
 371040.89643   1381403.69487  
 371740.89249   1384233.52079  
 371440.92369   1385603.44684  
 371140.98423   1393203.24104  
 371440.98933   1395133.11710  
 370040.93222   1375303.84330  
 370340.93259   1380333.77415  
 370740.93971   1382603.62734  
 370740.94198   1382733.61946  
 370041.00729   1383933.56703  
 370740.96286   1384533.52415  
 370341.00181   1385603.47068  
 370141.04956   1392303.30977  
 370541.04215   1394233.19279  
 365740.90239   1373333.94305  
 365840.98234   1381403.72501  
 365041.05194   1382133.68440  
 365141.06209   1383633.60054  
 365341.06008   1384703.53681  
 365141.14118   1394403.20590  
 365841.09332   1394703.17918  
 364741.02320   1375433.85529  
 364241.06336   1375733.83458  
 364841.05083   1381233.74517  
 364741.05352   1381103.75540  
 364541.08287   1381833.71307  
 364341.14206   1385303.52322  
 364541.15114   1391403.39075  
 364341.19279   1394103.23794  
 364841.17771   1395603.14842  
 363741.13098   1381403.74821  
 363241.19465   1383803.62830  
 363541.18774   1385003.55181  
 363841.18368   1390203.48297  
 363141.22927   1390033.50525  
 363041.23529   1390033.50645  
 363741.21483   1392603.33876  
 363041.26144   1392433.36229  
 363041.28230   1394103.26956  
 363241.28789   1395303.20538  
 362941.13586   1375133.89789  
 362241.21989   1380633.81582  
 362941.19746   1382733.68762  
 362641.20626   1382003.73454  
 362041.25942   1382433.73163  
 362541.25516   1384703.59376  
 362341.29300   1390633.49022  
 362641.28894   1392303.38328  
 362141.31526   1391533.43079  
 362841.30666   1394833.23827  
 362541.33801   1395433.21426  
 361441.21373   1373034.03966  
 361241.27312   1375603.89775  
 361241.29918   1381233.80995  
 361541.32420   1385303.58575  
 361141.37388   1391403.45846  
 361841.34400   1392733.37159  
 361841.36782   1394103.29995  
 361441.38230   1393203.35514  
 361841.39657   1395903.20127  
 360541.30685   1374103.98920  
 360241.34877   1375603.91885  
 360141.38514   1381403.82483  
 360841.34683   1382733.73456  
 360941.35526   1383933.67499  
 360741.38163   1385433.60051  
 360641.38992   1385433.60211  
 360341.41404   1385433.60933  
 360241.42564   1385603.60060  
 360541.40946   1390633.52459  
 360541.43503   1392733.41048  
 360941.45024   1395133.26080  
 360341.49909   1395903.23525  
 355741.35870   1373504.03901  
 355741.37448   1374833.96276  
 355241.42774   1375903.92090  
 355741.43532   1383933.70465  
 355741.46679   1385903.58927  
 355341.52615   1391103.52789  
 355641.49524   1392303.45766  
 355941.50352   1393933.34922  
 355141.57972   1395133.30748  
 355041.58818   1395303.30260  
 354741.44007   1374234.01889  
 354941.47930   1382303.80448  
 354241.56337   1384403.71533  
 354541.55578   1385603.63073  
 354841.54767   1390933.53545  
 354341.58604   1390333.58094  
 354441.59749   1392603.45176  
 354041.64358   1393803.40051  
 354341.64028   1394703.34969  
 371541.01782   1401532.98948  
 371141.05461   1402302.95479  
 371641.04482   1403802.86445  
 371641.07669   1410032.73447  
 370741.07302   1401403.01608  
 370541.11813   1403202.92298  
 370041.18166   1405132.82731  
 370841.19012   1410032.75347   3parameters
 365841.12525   1400333.08241  
 365141.17407   1400633.08612  
 365241.19530   1402432.99149  
 365441.21231   1404702.87471  
 364341.22109   1400203.12577  
 364641.23114   1402133.02247  
 364341.26355   1402902.98880  
 364241.28777   1404102.92190  
 363141.32343   1401233.10367  
 363341.31965   1402133.05007  
 363241.32514   1402003.05986  
 363241.34504   1403202.99600  
 362341.38488   1401703.09692  
 362241.40374   1402733.03709  
 361141.46901   1401533.12855  
 361141.49282   1403333.03504  
 360641.51242   1402433.09509  
 355141.59486   1400633.22044  
 355741.57010   1402003.13669  
 355741.59908   1403633.04014  
 355741.60024   1403803.03173  
 354641.67178   1402903.09745  
 354241.73496   1405132.98445  
 343941.37580   1292906.79925  
 342841.43156   1291836.85398  
 341141.53534   1291706.87419  
 350941.36397   1322435.87861  
 345641.44136   1320635.98526  
 345341.47732   1322735.88221  
 344341.50357   1315136.07276  
 344541.50731   1320506.00860  
 344641.52179   1322735.89539  
 344341.53053   1321705.95445  
 343741.52834   1313806.14867  
 343341.57682   1320036.05382  
 343641.57977   1321835.95115  
 342441.58531   1311236.29519  
 342741.58809   1312736.22441  
 342841.60152   1314706.11970  
 342941.61566   1320936.00735  
 342041.66591   1320036.06735  
 342841.63558   1322005.95472  
 341741.61050   1305736.38501  
 341141.66540   1311106.33634  
 341041.69263   1312736.25194  
 341341.70275   1314836.14413  
 341741.70431   1321535.99423  
 340141.71287   1305436.42725  
 340341.73491   1313336.23485  
 340841.73226   1314706.15652  
 340941.75046   1321106.02983  
 353041.29783   1333335.44884  
 353541.30439   1342005.18758  
 353341.33106   1342905.15196  
 353941.30025   1344535.05358  
 353541.33640   1345734.99299  
 353441.34301   1345734.99417  
 352641.24552   1324705.69934  
 352741.26709   1330335.60561  
 352141.31918   1331105.56783  
 352441.31541   1332305.50723  
 352941.30313   1334535.38608  
 352241.35416   1334535.39172  
 352741.33866   1340335.29047  
 352441.37195   1341405.23869  
 352441.38946   1343635.12053  
 352841.37087   1344535.07050  
 352841.38356   1345735.00447  
 351541.32198   1324405.74007  
 351441.34284   1325605.66647  
 351041.38704   1330505.61966  
 351641.37285   1332905.49223  
 351641.40228   1335605.34806  
 351541.43185   1341405.25164  
 351041.44446   1340335.32025  
 351941.43350   1344405.08993  
 350441.40343   1323505.82436  
 350441.41098   1324705.75409  
 350241.43154   1325435.69549  
 350941.40562   1331535.57433  
 350941.42637   1333635.46157  
 350441.45559   1333035.50652  
 350941.43866   1335135.38749  
 350441.48917   1340805.30539  
 350941.47563   1342305.21540  
 350041.53168   1342135.24064  
 350941.48038   1343335.15728  
 350441.53221   1344705.09084  
 350341.53793   1344705.09279  
 345641.46805   1323805.82626  
 345341.48933   1324705.76830  
 345641.47753   1330635.64617  
 345541.49771   1332005.57915  
 345841.51129   1335005.40531  
 345041.57446   1340505.34642  
 345541.57558   1343335.18029  
 345341.60873   1345735.04457  
 344041.56893   1324235.83264  
 344641.54059   1325435.73596  
 344141.58358   1330805.67155  
 344641.55719   1331705.61055  
 344741.56762   1333635.49673  
 344441.60168   1335605.41137  
 344741.62463   1342905.22262  
 344341.63150   1341535.30051  
 344641.64193   1344405.13290  
 344041.69036   1345435.06886  
 343241.63803   1325735.74322  
 343641.64128   1333035.55549  
 343541.64577   1334835.45802  
 343641.66090   1340935.34590  
 343241.74313   1345605.06856  
 342841.65163   1323205.89609  
 342341.70427   1325305.78657  
 342641.69263   1331105.67706  
 342841.68890   1332305.61138  
 342141.75596   1333505.55182  
 342941.70229   1335605.43482  
 342341.73872   1334535.49582  
 342841.73462   1341835.30784  
 342041.82121   1345305.10164  
 341741.72452   1323505.89535  
 341141.78375   1324405.85635  
 341741.75984   1331105.68602  
 341541.77790   1330205.73674  
 341741.78755   1334705.49246  
 341541.80168   1335905.43618  
 341441.82765   1341235.34774  
 341541.84433   1344235.16350  
 340641.80619   1323205.92038  
 340241.85888   1325735.79234  
 340941.83950   1334105.54064  
 340941.85005   1335605.45908  
 340041.92975   1340935.38167  
 340841.88411   1342735.27441  
 340441.90961   1342605.28653  
 340441.91433   1343035.26132  
 353341.36135   1350934.93708  
 353041.42836   1360934.62873  
 353541.42403   1364404.37172  
 353341.46913   1370034.28201  
 353941.47198   1372604.13097  
 352241.43411   1350634.96724  
 352741.41504   1352604.85565  
 352841.41672   1353804.79985  
 352341.45081   1353934.79820  
 352741.43551   1355134.73877  
 352141.47429   1355434.72289  
 352541.47086   1361704.58234  
 352241.50602   1362904.50529  
 352841.46269   1363504.45172  
 352641.49995   1365304.33214  
 352941.55478   1372904.13685  
 352041.59285   1371534.22049  
 351741.47783   1351534.92293  
 351041.53183   1352134.89446  
 351641.49653   1353334.82930  
 351141.53699   1354404.78778  
 351141.54357   1355604.72265  
 351341.54462   1361104.63113  
 351041.58864   1362734.52660  
 351441.57105   1363804.45239  
 351741.55417   1364534.39322  
 351041.61265   1365304.36969  
 351441.60534   1370334.30271  
 350941.52513   1350205.00389  
 350341.57333   1351704.93465  
 350441.58030   1353204.85539  
 350341.59003   1354704.77680  
 350341.60856   1361104.63610  
 350841.61652   1364234.43572  
 350541.67220   1370334.31601  
 350741.68837   1371834.22459  
 345241.62564   1351404.95799  
 345941.60279   1352904.87176  
 345341.63982   1353634.83718  
 345641.64588   1355604.72637  
 345241.67593   1360334.69100  
 345641.66859   1361704.61427  
 345841.67361   1363334.50419  
 345641.71048   1365004.41748  
 345441.74983   1370504.32331  
 345441.77319   1371704.24936  
 344241.69200   1351534.95842  
 344141.71430   1353034.88249  
 344741.68963   1354834.77811  
 344241.74460   1360934.67598  
 344941.71525   1362434.57235  
 344341.79802   1365304.41648  
 344741.80825   1370634.33007  
 344541.84945   1372304.23986  
 344441.85548   1372304.24196  
 343741.71535   1350335.02567  
 343641.75518   1354534.80791  
 343141.80203   1355604.76472  
 343741.76901   1360504.71573  
 343841.79452   1362134.61325  
 343241.85194   1363504.53605  
 343841.87277   1370934.32076  
 342041.84124   1351404.99469  
 342541.82026   1352734.91713  
 342841.80588   1353634.86513  
 342041.85674   1353634.87192  
 342641.83046   1354834.80408  
 342241.86729   1355904.76033  
 342541.88071   1362004.63066  
 342141.91741   1362434.61164  
 342141.93595   1363804.53724  
 342541.92477   1365004.46837  
 341141.89637   1351235.00985  
 341541.88004   1352304.94916  
 341641.89105   1354534.82654  
 341641.93297   1361234.68710  
 341641.99119   1365304.46084  
 340541.93604   1350635.05051  
 340541.95555   1352604.94554  
 340941.93735   1354534.83536  
 340042.01167   1355734.77899  
 340741.96734   1360034.75424  
 340941.97573   1361704.66844  
 353641.51688   1373634.08650  
 353641.54397   1375603.97243  
 353441.59322   1381833.85742  
 353341.60939   1382733.81090  
 353941.56237   1383203.77754  
 353641.62058   1385433.65128  
 353641.65135   1392433.47795  
 353141.70198   1391703.52939  
 353141.71193   1393033.46707  
 353041.72425   1393203.46085  
 352941.57730   1374234.06016  
 352841.60124   1375304.00017  
 352341.68552   1382733.83052  
 352841.66969   1384833.70391  
 352141.73359   1385903.64180  
 352541.74634   1392003.51712  
 352141.78991   1392733.48767  
 351841.65146   1373804.10761  
 351241.67286   1373034.14927  
 351941.67161   1375604.00614  
 351241.72333   1375604.01641  
 351041.75719   1381103.93244  
 351441.73880   1382133.87644  
 351441.75999   1383633.78390  
 351641.80469   1391103.57360  
 351541.83205   1394103.41611  
 351841.83503   1395003.37062  
 350841.72382   1374234.09096  
 350241.76412   1374234.10204  
 350641.82249   1383333.79800  
 350741.82287   1384703.73578  
 350641.84817   1390033.66902  
 350841.87437   1393633.44571  
 350041.99356   1395603.35803  
 345741.82511   1375304.05477  
 345641.85375   1380334.00318  
 345441.87164   1381103.96156  
 345841.86421   1382603.86578  
 345541.90748   1385603.71371  
 344941.85297   1373934.13761  
 344241.89134   1373334.19482  
 344541.89577   1374534.11170  
 344041.94781   1375004.09959  
 344541.92505   1380504.01012  
 344541.95560   1385133.73382  
 344641.96579   1390203.69170  
 344442.03210   1392133.58238  
 343541.95657   1381403.97624   3parameters
 343142.16751   1391703.60319  
 340442.33370   1392903.65717  
 353941.67844   1400633.25633  
 353041.75102   1401103.25116  
 353841.71800   1402733.12793  
 352641.80109   1402303.18192  
 351741.85245   1400503.29412  
 351641.86924   1402003.21984  
 350741.93930   1400933.28076  
 334741.72196   1294536.77975  
 334441.73623   1294536.78845  
 333241.82224   1295306.77241  
 332341.83756   1292606.92101  
 332141.86582   1293336.88150  
 332041.88238   1294236.83960  
 331041.94332   1294106.86661  
 331641.92167   1295306.79636  
 330341.97761   1293636.89332  
 330441.99040   1295136.82039  
 325841.97492   1290637.04833  
 325542.05453   1295736.80331  
 325442.04565   1294836.84884  
 324742.02026   1285137.12996  
 324642.09219   1294836.86392  
 323742.05139   1283637.18615  
 323442.15302   1294706.88645  
 335441.73098   1303936.51567  
 335741.75921   1311836.32275  
 335941.81982   1320806.06430  
 335641.84309   1321106.05501  
 334741.77032   1302736.58194  
 334141.82630   1304236.51588  
 334941.78958   1305606.43357  
 334341.89001   1313806.23242  
 333041.85571   1300806.70200  
 333341.85670   1302606.60911  
 333041.88457   1303206.58147  
 333241.89532   1305136.48626  
 333441.89553   1310936.38621  
 333141.94309   1312436.31825  
 332641.89210   1301836.65167  
 332341.94099   1304406.53322  
 332041.97796   1305606.47689  
 332641.95056   1310636.41258  
 332641.99078   1314236.24341  
 332242.00043   1313206.30020  
 332142.00751   1313206.30254  
 332942.03212   1322136.01057  
 332242.08368   1322436.01153  
 331541.94087   1300336.74448  
 331741.94241   1301706.67784  
 331241.98316   1302606.63078  
 331341.99050   1303806.57464  
 331742.01146   1310936.41327  
 331442.03467   1312006.36639  
 331042.07843   1313636.28165  
 331442.08101   1315136.19896  
 331042.15798   1321706.06921  
 330442.01372   1300636.73700  
 330542.06807   1310506.46669  
 330242.13494   1314106.26918  
 325642.08460   1302736.64413  
 325242.03203   1301836.66840   3parameters
 325942.07974   1304406.56928  
 325842.08760   1304836.54924  
 325742.13386   1312306.37268  
 325842.14851   1313506.30876  
 325142.20657   1314106.29187  
 325342.22720   1315906.19653  
 324642.10951   1300036.81185  
 324042.13781   1300936.77281  
 324642.15116   1304706.57187  
 324042.20081   1305906.52863  
 324842.15782   1310336.48701  
 324042.21292   1311106.46625  
 324342.27320   1315006.26550  
 323942.15715   1301836.73465  
 323742.18787   1303206.65666  
 323342.21985   1304106.63185  
 323242.22657   1304106.63536  
 323042.26126   1305736.55557  
 323942.23315   1312136.41293  
 323542.29979   1314106.32616  
 322242.22639   1300036.84456  
 322542.22782   1301706.77262  
 322242.27590   1303936.65826  
 322342.28472   1305006.61842  
 322942.27045   1310806.50996  
 322342.32900   1312006.45858  
 322542.34467   1313636.36620  
 335841.84757   1323805.91645  
 335141.91424   1324535.87125  
 335441.91756   1330335.76119  
 335541.93207   1331535.69712  
 335741.93292   1333035.60907  
 335841.92624   1334535.52896  
 335141.99156   1335435.47467  
 335341.99951   1342435.30123  
 335541.98644   1343935.20375  
 334441.96500   1324705.85971  
 334342.03088   1333205.60893  
 334242.06336   1335135.49182  
 334642.03966   1340635.40238  
 333242.03905   1323935.92163  
 333642.03676   1325735.81243  
 333442.06975   1330935.73941  
 333342.11391   1333335.60282  
 333942.10515   1342435.30520  
 333242.15640   1341705.35227  
 332642.10487   1325135.85314  
 332342.16370   1331705.69950  
 332542.20839   1340035.44290  
 331242.16797   1323335.97425  
 331942.14472   1324835.88058  
 331542.20689   1330805.76297  
 331742.26090   1340935.37981  
 330842.21245   1324405.91978  
 325742.26356   1323335.99270  
 325642.29661   1324405.93250  
 325042.33153   1324235.96187  
 325942.17402   1330035.79286   3parameters
 324642.39008   1325735.87669  
 335542.01621   1350935.04370  
 335342.03959   1352904.94567  
 335642.03344   1354834.82955  
 335042.07667   1354704.83758  
 335942.03600   1361234.70182  
 335242.07223   1360334.75222  
 334942.07411   1353804.88988  
 334342.13568   1355904.77890  
 333842.14750   1352434.97361  
 333042.21119   1353634.90794  
 333042.21885   1355004.84228  
 335342.51594   1393503.56077  
 330643.06082   1394703.64322  
 330343.08722   1394833.64788  
 315042.40939   1295436.95598  
 313842.45428   1294237.03515  
 321742.27670   1301406.80016  
 321142.29057   1300206.86343  
 321342.31232   1302736.74182  
 321642.34246   1305906.58396  
 321242.34361   1304536.65487  
 321342.37489   1310936.53155  
 321442.40847   1313336.40409  
 320342.36826   1302006.79505  
 320042.40565   1303806.71665  
 320242.41875   1304836.66702  
 320442.41986   1310336.58255  
 320742.43456   1312306.48021  
 315742.39564   1301236.83685  
 315442.42953   1302736.78239  
 315342.45708   1304236.71664  
 315542.46660   1310036.61216  
 315942.46844   1311536.53001  
 315042.52582   1312306.52556  
 314342.48399   1301536.86477  
 314542.49809   1303336.78228  
 314442.51211   1304536.71874  
 314642.53662   1310936.59459  
 313542.53827   1302006.86397  
 313642.54664   1303336.80132  
 313742.57326   1305736.68030  
 313442.62113   1312436.55575  
 313142.63602   1312136.56843  
 312442.60212   1301106.93942  
 312242.62596   1302306.88278  
 312942.60165   1304236.76835  
 312342.63335   1303206.82796  
 312242.66228   1305136.74556  
 312742.66040   1311236.61472  
 312642.65392   1310036.68904  
 311542.66611   1301836.92117  
 311642.67612   1303206.84453  
 311142.72946   1304836.78092  
 311742.70797   1310336.69213  
 311642.71653   1310506.68473  
 310542.75956   1304106.83246  
 304742.90248   1310206.77595  
 295043.10966   1295137.22073  
 302342.98016   1302606.98523  
 302543.01253   1305436.86885  
