# このファイルは，プログラムWeb版 TKY2JGD Ver.1.3.80が"latlon.in"を読み込んで計算処理したものです。
# 使用した変換パラメータファイルは，"TKY2JGD.par" Ver.2.1.1です。
# 次に示すように，各行の最初の２つの数字が入力した日本測地系の緯度，経度，次の２つが変換された世界測地系の緯度, 経度を表しています。
# 日本測地系(入力値)         世界測地系(計算値)
# 緯度　　　　 経度          緯度　　　　 経度
# ddmmss.sssss dddmmss.sssss ddmmss.sssss dddmmss.sssss
# 「-9999.」がある行は，変換されなかった行です。
# 「-9999.」でない行は，「地域毎の変換パラメータ」で変換された行です。
#----------------------------------------------------------------------------
#Y_ddmmss.00000 X_dddmmss.00000
283030.00000 1293945.00000 283043.55950 1293937.45964 
281130.00000 1291245.00000 281143.61045 1291237.60086 
281630.00000 1291715.00000 281643.59058 1291707.58419 
281930.00000 1293215.00000 281943.60231 1293207.50774 
274030.00000 1285615.00000 274043.72697 1285607.75310 
274430.00000 1290215.00000 -9999. -9999. 
272330.00000 1283945.00000 272343.81247 1283937.86706 
282130.00000 1300045.00000 282143.64317 1300037.40821 
452430.00000 1414545.00000 -9999. -9999. 
451730.00000 1410215.00000 451737.85989 1410201.35571 
451030.00000 1410815.00000 451037.91701 1410801.34940 
445330.00000 1414415.00000 445338.12192 1414401.22058 
442130.00000 1414245.00000 442138.32519 1414231.34521 
442130.00000 1422745.00000 442138.42298 1422731.10094 
445630.00000 1423515.00000 445638.20576 1423500.92444 
440530.00000 1433215.00000 440538.65907 1433200.85851 
262030.00000 1264845.00000 262043.98307 1264838.54332 
261330.00000 1271845.00000 261344.06853 1271838.41004 
270130.00000 1282745.00000 -9999. -9999. 
265530.00000 1275745.00000 -9999. -9999. 
264230.00000 1274845.00000 264243.95677 1274838.21040 
264030.00000 1275915.00000 264043.98950 1275908.16429 
264630.00000 1281245.00000 264643.97687 1281238.08886 
264430.00000 1281845.00000 264443.99728 1281838.06499 
263530.00000 1275915.00000 263544.01597 1275908.17497 
263730.00000 1280945.00000 263744.02522 1280938.13016 
262430.00000 1274415.00000 262444.05266 1274408.26808 
262930.00000 1275145.00000 262944.03699 1275138.22371 
262730.00000 1275615.00000 262744.05358 1275608.20631 
261330.00000 1274245.00000 261344.11104 1274238.29935 
261830.00000 1275445.00000 261844.10323 1275438.22199 
261730.00000 1274845.00000 261744.09968 1274838.26030 
261030.00000 1274845.00000 261044.13816 1274838.28097 
260730.00000 1273945.00000 260744.14081 1273938.33168 
260930.00000 1275315.00000 260944.15359 1275308.26271 
434230.00000 1420215.00000 434238.62722 1420201.38494 
433630.00000 1412315.00000 433638.59281 1412301.59557 
432730.00000 1422745.00000 432738.77618 1422731.29193 
431130.00000 1404715.00000 431138.68498 1404701.86013 
431430.00000 1415315.00000 431438.78883 1415301.52689 
430930.00000 1413645.00000 430938.79284 1413631.62312 
424230.00000 1400345.00000 424238.80814 1400332.18348 
424530.00000 1420815.00000 424539.01980 1420801.54418 
422430.00000 1410645.00000 422439.03506 1410631.92219 
422030.00000 1422145.00000 422039.21004 1422131.54705 
435130.00000 1424545.00000 435138.66015 1424531.12108 
435830.00000 1441845.00000 -9999. -9999. 
432730.00000 1434545.00000 432738.93327 1434530.90060 
430130.00000 1425315.00000 430139.00372 1425301.24781 
425430.00000 1435145.00000 425439.16932 1435130.97330 
425730.00000 1443215.00000 425739.23503 1443200.72983 
433930.00000 1450815.00000 433938.99232 1450800.42597 
431330.00000 1453345.00000 -9999. -9999. 
243930.00000 1244115.00000 243935.79780 1244126.21754 
242730.00000 1230045.00000 242749.74726 1230046.62903 
242330.00000 1234415.00000 -9999. -9999. 
242730.00000 1240815.00000 242749.73242 1240816.45153 
242030.00000 1240945.00000 242049.75319 1240946.42994 
242030.00000 1241245.00000 242049.74262 1241246.42181 
241830.00000 1235445.00000 241844.77366 1235439.68019 
241930.00000 1240515.00000 241949.77068 1240516.44319 
241330.00000 1240045.00000 241344.79789 1240039.64217 
240330.00000 1234545.00000 240344.89052 1234539.69143 
245430.00000 1251845.00000 -9999. -9999. 
244830.00000 1251115.00000 244843.07021 1251111.26277 
244730.00000 1251715.00000 244743.08582 1251711.23172 
244430.00000 1251715.00000 244443.10125 1251711.23216 
421030.00000 1393045.00000 421038.94701 1393032.44671 
421530.00000 1401715.00000 -9999. -9999. 
421330.00000 1401845.00000 421339.01740 1401832.19812 
415730.00000 1400815.00000 415739.10267 1400802.30093 
415330.00000 1404115.00000 415339.18987 1404102.15066 
414930.00000 1410815.00000 414939.27108 1410802.02763 
414930.00000 1410945.00000 -9999. -9999. 
413130.00000 1405445.00000 413139.36204 1405432.16833 
412830.00000 1401545.00000 412839.31115 1401532.34198 
412430.00000 1410945.00000 412439.42800 1410932.09588 
411330.00000 1402445.00000 -9999. -9999. 
411130.00000 1410215.00000 411139.49763 1410202.16920 
411830.00000 1412015.00000 411839.48299 1412002.07372 
410030.00000 1402615.00000 410039.51382 1402602.37460 
410230.00000 1403815.00000 410239.52194 1403802.31298 
410830.00000 1404845.00000 410839.49740 1404832.23736 
410730.00000 1411715.00000 410739.54625 1411702.11284 
405430.00000 1410215.00000 405439.61620 1410202.21109 
405830.00000 1412315.00000 405839.60225 1412302.10436 
404630.00000 1401245.00000 404639.58508 1401232.47121 
404430.00000 1402615.00000 404439.61909 1402602.41551 
404730.00000 1403815.00000 404739.61936 1403802.34866 
404930.00000 1405145.00000 404939.62674 1405132.27397 
404830.00000 1410815.00000 404839.65772 1410802.20166 
415530.00000 1431415.00000 415539.50289 1431401.40083 
403530.00000 1395445.00000 403539.62043 1395432.60107 
395230.00000 1395015.00000 395239.91528 1395002.76574 
391130.00000 1393345.00000 391140.17433 1393332.93901 
391430.00000 1395445.00000 391440.19285 1395432.81775 
403430.00000 1401845.00000 403439.66929 1401832.48197 
403630.00000 1404115.00000 403639.69713 1404102.36359 
403130.00000 1403515.00000 403139.72161 1403502.40041 
403530.00000 1411245.00000 403539.74640 1411232.20779 
403030.00000 1411845.00000 403039.79619 1411832.18500 
403130.00000 1413215.00000 403139.80662 1413202.10526 
402230.00000 1400045.00000 402239.72564 1400032.62443 
402030.00000 1410815.00000 402039.85507 1410802.26503 
402530.00000 1414245.00000 -9999. -9999. 
401230.00000 1400045.00000 401239.79938 1400032.65095 
401830.00000 1401715.00000 401839.78143 1401702.53814 
401530.00000 1403345.00000 401539.83005 1403332.45872 
401630.00000 1404715.00000 401639.84847 1404702.37999 
401630.00000 1411845.00000 401639.90333 1411832.21648 
401530.00000 1412915.00000 401539.92401 1412902.15660 
401330.00000 1414245.00000 401339.95758 1414232.08847 
400530.00000 1400515.00000 400539.85416 1400502.64469 
400630.00000 1402745.00000 400639.88232 1402732.51895 
400630.00000 1404715.00000 400639.92326 1404702.40655 
400830.00000 1410645.00000 400839.93998 1410632.30332 
400230.00000 1412615.00000 400240.01305 1412602.19392 
400930.00000 1413515.00000 400939.97630 1413502.13629 
395630.00000 1400645.00000 395639.91785 1400632.65983 
395930.00000 1402445.00000 395939.92825 1402432.55510 
395830.00000 1411415.00000 395840.02185 1411402.27033 
395730.00000 1410345.00000 395740.01251 1410332.33409 
395030.00000 1412745.00000 395040.10067 1412732.21812 
395230.00000 1413945.00000 395240.10237 1413932.15190 
395530.00000 1415445.00000 395540.10202 1415432.06704 
395030.00000 1414715.00000 395040.12970 1414702.11337 
394330.00000 1400645.00000 394340.00478 1400632.69669 
394830.00000 1403515.00000 394840.01945 1403502.53051 
394230.00000 1404415.00000 394240.07200 1404402.48622 
394130.00000 1405915.00000 394140.11406 1405902.38809 
394430.00000 1411415.00000 394440.12038 1411402.29940 
393430.00000 1401115.00000 393440.07756 1401102.69656 
393230.00000 1402315.00000 393240.11669 1402302.64147 
393530.00000 1403345.00000 393540.10460 1403332.56774 
393330.00000 1410945.00000 393340.18874 1410932.34813 
393030.00000 1412015.00000 393040.22893 1412002.29837 
393730.00000 1413645.00000 393740.20601 1413632.19754 
393130.00000 1413945.00000 393140.25283 1413932.19256 
393830.00000 1415745.00000 393840.22904 1415732.08146 
392630.00000 1400515.00000 392640.13897 1400502.75235 
392330.00000 1403215.00000 392340.19126 1403202.60487 
392830.00000 1404845.00000 392840.18360 1404832.47251 
392330.00000 1410645.00000 392340.25878 1410632.38535 
392830.00000 1415915.00000 392840.30064 1415902.09769 
391330.00000 1400815.00000 391340.22656 1400802.75281 
391730.00000 1401715.00000 391740.21629 1401702.69937 
391830.00000 1404715.00000 391840.25742 1404702.50420 
391330.00000 1410815.00000 391340.32784 1410802.39703 
391030.00000 1412145.00000 391040.36852 1412132.33189 
391930.00000 1413515.00000 391940.32951 1413502.24408 
391530.00000 1415315.00000 391540.37999 1415302.14958 
390930.00000 1402915.00000 390940.28408 1402902.65033 
390530.00000 1401715.00000 390540.28963 1401702.71407 
390530.00000 1404415.00000 390540.34107 1404402.55487 
390730.00000 1410345.00000 390740.35978 1410332.43305 
390930.00000 1412445.00000 390940.37958 1412432.31837 
390730.00000 1413945.00000 390740.42041 1413932.24614 
372330.00000 1365445.00000 372340.65243 1365434.12866 
372930.00000 1371115.00000 372940.63643 1371104.02583 
385730.00000 1395615.00000 385740.30869 1395602.84555 
385430.00000 1395015.00000 385440.31861 1395002.88529 
384330.00000 1395015.00000 384340.39806 1395002.90687 
383730.00000 1393515.00000 383740.41666 1393502.97748 
383130.00000 1394715.00000 383140.47917 1394702.94356 
383030.00000 1394715.00000 383040.48551 1394702.94459 
382730.00000 1391545.00000 -9999. -9999. 
382930.00000 1393215.00000 382940.47194 1393203.00825 
382330.00000 1395915.00000 382340.54378 1395902.88797 
381430.00000 1382445.00000 381440.44452 1382433.49119 
381330.00000 1392915.00000 381340.56203 1392903.06940 
380230.00000 1381415.00000 380240.51068 1381403.56906 
380330.00000 1382445.00000 380340.52287 1382433.51260 
380530.00000 1393345.00000 380540.62801 1393333.08210 
380330.00000 1394415.00000 380340.65458 1394403.03300 
380230.00000 1395915.00000 380240.68400 1395902.95440 
375530.00000 1390345.00000 375540.64896 1390333.29351 
375730.00000 1391845.00000 375740.65785 1391833.20787 
375530.00000 1395145.00000 375540.71999 1395133.01806 
374830.00000 1381415.00000 374840.60642 1381403.61466 
374530.00000 1385315.00000 374540.69847 1385303.39215 
374430.00000 1391115.00000 374440.73881 1391103.28097 
374030.00000 1392745.00000 374040.78464 1392733.20526 
373230.00000 1384115.00000 373240.77434 1384103.49656 
373130.00000 1384115.00000 373140.78238 1384103.49891 
373430.00000 1390215.00000 373440.79649 1390203.35933 
373530.00000 1393815.00000 373540.82757 1393803.15196 
373830.00000 1394715.00000 373840.81951 1394703.09273 
372230.00000 1383345.00000 372240.84469 1383333.55752 
372530.00000 1385445.00000 372540.84321 1385433.42693 
372030.00000 1390815.00000 372040.89428 1390803.35593 
372030.00000 1391845.00000 372040.90157 1391833.29823 
372830.00000 1393215.00000 372840.86257 1393203.20468 
372030.00000 1393645.00000 372040.92428 1393633.19669 
372930.00000 1395445.00000 372940.89739 1395433.07129 
385830.00000 1402015.00000 385840.34175 1402002.71036 
385530.00000 1410815.00000 385540.44781 1410802.43918 
385030.00000 1412015.00000 385040.50487 1412002.38573 
385530.00000 1413515.00000 385540.49379 1413502.29373 
384430.00000 1400815.00000 384440.41794 1400802.80456 
384630.00000 1401845.00000 384640.42096 1401832.74617 
384830.00000 1403815.00000 384840.44196 1403802.63969 
384530.00000 1403045.00000 384540.44785 1403032.68623 
384330.00000 1410045.00000 384340.51904 1410032.51451 
384730.00000 1412015.00000 384740.52585 1412002.39239 
384430.00000 1411845.00000 384440.54243 1411832.40821 
384030.00000 1412745.00000 384040.58554 1412732.36995 
383530.00000 1402315.00000 383540.50864 1402302.75171 
383530.00000 1404545.00000 383540.54615 1404532.63364 
383430.00000 1410945.00000 383440.58914 1410932.48186 
382430.00000 1401415.00000 382440.56949 1401402.82511 
382430.00000 1402745.00000 382440.58987 1402732.75895 
382630.00000 1405315.00000 382640.61850 1405302.61140 
382630.00000 1411845.00000 382640.66300 1411832.45866 
381030.00000 1400515.00000 381040.64140 1400502.89908 
381530.00000 1402015.00000 381540.63582 1402002.80661 
381030.00000 1403815.00000 381040.69874 1403802.73022 
381730.00000 1405915.00000 381740.69744 1405902.60579 
381730.00000 1413045.00000 381740.75426 1413032.40734 
381730.00000 1413215.00000 381740.75641 1413202.39974 
380330.00000 1400945.00000 380340.69514 1400932.89592 
380030.00000 1403645.00000 380040.75169 1403632.76706 
380230.00000 1405445.00000 380240.77805 1405432.67718 
375430.00000 1400515.00000 375440.74459 1400502.94559 
375930.00000 1402615.00000 375940.74547 1402602.82576 
375830.00000 1404715.00000 375840.78479 1404702.72118 
374830.00000 1403345.00000 374840.82988 1403332.80986 
374730.00000 1405445.00000 374740.87395 1405432.71339 
373430.00000 1400645.00000 373440.87421 1400632.99169 
373530.00000 1402615.00000 373540.90368 1402602.88220 
373930.00000 1404245.00000 373940.89931 1404232.79004 
373330.00000 1405915.00000 373340.96533 1405902.72268 
372430.00000 1400815.00000 372440.94798 1400803.00638 
372730.00000 1402015.00000 372740.94795 1402002.93298 
372630.00000 1403045.00000 372640.96932 1403032.87910 
372630.00000 1404245.00000 372640.98509 1404232.82407 
361730.00000 1331415.00000 361740.94786 1331405.45534 
361230.00000 1332015.00000 361240.99888 1332005.42431 
360530.00000 1325915.00000 360541.01359 1325905.55161 
371830.00000 1370945.00000 371840.71403 1370934.06380 
370830.00000 1364415.00000 370840.73478 1364404.23276 
370230.00000 1365315.00000 370240.79410 1365304.20092 
370730.00000 1370045.00000 370740.77447 1370034.14359 
365130.00000 1364715.00000 365140.87159 1364704.26915 
365130.00000 1365915.00000 365140.88852 1365904.18813 
364230.00000 1365615.00000 364240.95701 1365604.23262 
364830.00000 1372315.00000 364840.95467 1372304.05115 
364130.00000 1371545.00000 364140.98961 1371534.11055 
363330.00000 1363945.00000 363341.00004 1363934.34714 
363530.00000 1364845.00000 363540.99880 1364834.28704 
363430.00000 1370815.00000 363441.03181 1370804.16522 
363630.00000 1371845.00000 363641.02640 1371834.10271 
362030.00000 1363215.00000 362041.09196 1363204.40286 
362130.00000 1365315.00000 362141.10717 1365304.27663 
362830.00000 1371415.00000 362841.08549 1371404.13908 
362730.00000 1370215.00000 362741.08195 1370204.22075 
361830.00000 1361845.00000 361841.08269 1361834.48744 
361730.00000 1362915.00000 361741.10744 1362904.42676 
361630.00000 1364115.00000 361641.13331 1364104.35855 
361030.00000 1363815.00000 361041.16654 1363804.38205 
361530.00000 1365445.00000 361541.15493 1365434.27587 
361830.00000 1370645.00000 361841.14956 1370634.18444 
361830.00000 1371545.00000 361841.16325 1371534.12704 
360130.00000 1360045.00000 360141.17975 1360034.63268 
360830.00000 1361715.00000 360841.15418 1361704.51980 
360430.00000 1361845.00000 360441.18822 1361834.51758 
360130.00000 1365745.00000 360141.27181 1365734.26186 
360830.00000 1371845.00000 360841.23950 1371834.12057 
360230.00000 1372915.00000 360241.30939 1372904.06435 
355230.00000 1361415.00000 355241.27311 1361404.56104 
355930.00000 1362915.00000 355941.23029 1362904.45771 
355430.00000 1363945.00000 355441.28702 1363934.38402 
355230.00000 1365145.00000 355241.32793 1365134.30666 
355230.00000 1371245.00000 355241.35594 1371234.17380 
354230.00000 1350645.00000 354241.29987 1350634.94150 
354130.00000 1360215.00000 354141.34460 1360204.66773 
354130.00000 1362915.00000 354141.36864 1362904.47717 
354530.00000 1364845.00000 354541.36700 1364834.33043 
354330.00000 1365745.00000 354341.39411 1365734.27975 
354030.00000 1370815.00000 354041.43255 1370804.22438 
371030.00000 1381415.00000 371040.89643 1381403.69487 
371730.00000 1384245.00000 371740.89249 1384233.52079 
371430.00000 1385615.00000 371440.92369 1385603.44684 
371130.00000 1393215.00000 371140.98423 1393203.24104 
371430.00000 1395145.00000 371440.98933 1395133.11710 
370030.00000 1375315.00000 370040.93222 1375303.84330 
370330.00000 1380345.00000 370340.93259 1380333.77415 
370730.00000 1382615.00000 370740.93971 1382603.62734 
370730.00000 1382745.00000 370740.94198 1382733.61946 
370030.00000 1383945.00000 370041.00729 1383933.56703 
370730.00000 1384545.00000 370740.96286 1384533.52415 
370330.00000 1385615.00000 370341.00181 1385603.47068 
370130.00000 1392315.00000 370141.04956 1392303.30977 
370530.00000 1394245.00000 370541.04215 1394233.19279 
365730.00000 1373345.00000 365740.90239 1373333.94305 
365830.00000 1381415.00000 365840.98234 1381403.72501 
365030.00000 1382145.00000 365041.05194 1382133.68440 
365130.00000 1383645.00000 365141.06209 1383633.60054 
365330.00000 1384715.00000 365341.06008 1384703.53681 
365130.00000 1394415.00000 365141.14118 1394403.20590 
365830.00000 1394715.00000 365841.09332 1394703.17918 
364730.00000 1375445.00000 364741.02320 1375433.85529 
364230.00000 1375745.00000 364241.06336 1375733.83458 
364830.00000 1381245.00000 364841.05083 1381233.74517 
364730.00000 1381115.00000 364741.05352 1381103.75540 
364530.00000 1381845.00000 364541.08287 1381833.71307 
364330.00000 1385315.00000 364341.14206 1385303.52322 
364530.00000 1391415.00000 364541.15114 1391403.39075 
364330.00000 1394115.00000 364341.19279 1394103.23794 
364830.00000 1395615.00000 364841.17771 1395603.14842 
363730.00000 1381415.00000 363741.13098 1381403.74821 
363230.00000 1383815.00000 363241.19465 1383803.62830 
363530.00000 1385015.00000 363541.18774 1385003.55181 
363830.00000 1390215.00000 363841.18368 1390203.48297 
363130.00000 1390045.00000 363141.22927 1390033.50525 
363030.00000 1390045.00000 363041.23529 1390033.50645 
363730.00000 1392615.00000 363741.21483 1392603.33876 
363030.00000 1392445.00000 363041.26144 1392433.36229 
363030.00000 1394115.00000 363041.28230 1394103.26956 
363230.00000 1395315.00000 363241.28789 1395303.20538 
362930.00000 1375145.00000 362941.13586 1375133.89789 
362230.00000 1380645.00000 362241.21989 1380633.81582 
362930.00000 1382745.00000 362941.19746 1382733.68762 
362630.00000 1382015.00000 362641.20626 1382003.73454 
362030.00000 1382445.00000 362041.25942 1382433.73163 
362530.00000 1384715.00000 362541.25516 1384703.59376 
362330.00000 1390645.00000 362341.29300 1390633.49022 
362630.00000 1392315.00000 362641.28894 1392303.38328 
362130.00000 1391545.00000 362141.31526 1391533.43079 
362830.00000 1394845.00000 362841.30666 1394833.23827 
362530.00000 1395445.00000 362541.33801 1395433.21426 
361430.00000 1373045.00000 361441.21373 1373034.03966 
361230.00000 1375615.00000 361241.27312 1375603.89775 
361230.00000 1381245.00000 361241.29918 1381233.80995 
361530.00000 1385315.00000 361541.32420 1385303.58575 
361130.00000 1391415.00000 361141.37388 1391403.45846 
361830.00000 1392745.00000 361841.34400 1392733.37159 
361830.00000 1394115.00000 361841.36782 1394103.29995 
361430.00000 1393215.00000 361441.38230 1393203.35514 
361830.00000 1395915.00000 361841.39657 1395903.20127 
360530.00000 1374115.00000 360541.30685 1374103.98920 
360230.00000 1375615.00000 360241.34877 1375603.91885 
360130.00000 1381415.00000 360141.38514 1381403.82483 
360830.00000 1382745.00000 360841.34683 1382733.73456 
360930.00000 1383945.00000 360941.35526 1383933.67499 
360730.00000 1385445.00000 360741.38163 1385433.60051 
360630.00000 1385445.00000 360641.38992 1385433.60211 
360330.00000 1385445.00000 360341.41404 1385433.60933 
360230.00000 1385615.00000 360241.42564 1385603.60060 
360530.00000 1390645.00000 360541.40946 1390633.52459 
360530.00000 1392745.00000 360541.43503 1392733.41048 
360930.00000 1395145.00000 360941.45024 1395133.26080 
360330.00000 1395915.00000 360341.49909 1395903.23525 
355730.00000 1373515.00000 355741.35870 1373504.03901 
355730.00000 1374845.00000 355741.37448 1374833.96276 
355230.00000 1375915.00000 355241.42774 1375903.92090 
355730.00000 1383945.00000 355741.43532 1383933.70465 
355730.00000 1385915.00000 355741.46679 1385903.58927 
355330.00000 1391115.00000 355341.52615 1391103.52789 
355630.00000 1392315.00000 355641.49524 1392303.45766 
355930.00000 1393945.00000 355941.50352 1393933.34922 
355130.00000 1395145.00000 355141.57972 1395133.30748 
355030.00000 1395315.00000 355041.58818 1395303.30260 
354730.00000 1374245.00000 354741.44007 1374234.01889 
354930.00000 1382315.00000 354941.47930 1382303.80448 
354230.00000 1384415.00000 354241.56337 1384403.71533 
354530.00000 1385615.00000 354541.55578 1385603.63073 
354830.00000 1390945.00000 354841.54767 1390933.53545 
354330.00000 1390345.00000 354341.58604 1390333.58094 
354430.00000 1392615.00000 354441.59749 1392603.45176 
354030.00000 1393815.00000 354041.64358 1393803.40051 
354330.00000 1394715.00000 354341.64028 1394703.34969 
371530.00000 1401545.00000 371541.01782 1401532.98948 
371130.00000 1402315.00000 371141.05461 1402302.95479 
371630.00000 1403815.00000 371641.04482 1403802.86445 
371630.00000 1410045.00000 371641.07669 1410032.73447 
370730.00000 1401415.00000 370741.07302 1401403.01608 
370530.00000 1403215.00000 370541.11813 1403202.92298 
370030.00000 1405145.00000 370041.18166 1405132.82731 
370830.00000 1410045.00000 -9999. -9999. 
365830.00000 1400345.00000 365841.12525 1400333.08241 
365130.00000 1400645.00000 365141.17407 1400633.08612 
365230.00000 1402445.00000 365241.19530 1402432.99149 
365430.00000 1404715.00000 365441.21231 1404702.87471 
364330.00000 1400215.00000 364341.22109 1400203.12577 
364630.00000 1402145.00000 364641.23114 1402133.02247 
364330.00000 1402915.00000 364341.26355 1402902.98880 
364230.00000 1404115.00000 364241.28777 1404102.92190 
363130.00000 1401245.00000 363141.32343 1401233.10367 
363330.00000 1402145.00000 363341.31965 1402133.05007 
363230.00000 1402015.00000 363241.32514 1402003.05986 
363230.00000 1403215.00000 363241.34504 1403202.99600 
362330.00000 1401715.00000 362341.38488 1401703.09692 
362230.00000 1402745.00000 362241.40374 1402733.03709 
361130.00000 1401545.00000 361141.46901 1401533.12855 
361130.00000 1403345.00000 361141.49282 1403333.03504 
360630.00000 1402445.00000 360641.51242 1402433.09509 
355130.00000 1400645.00000 355141.59486 1400633.22044 
355730.00000 1402015.00000 355741.57010 1402003.13669 
355730.00000 1403645.00000 355741.59908 1403633.04014 
355730.00000 1403815.00000 355741.60024 1403803.03173 
354630.00000 1402915.00000 354641.67178 1402903.09745 
354230.00000 1405145.00000 354241.73496 1405132.98445 
343930.00000 1292915.00000 343941.37580 1292906.79925 
342830.00000 1291845.00000 342841.43156 1291836.85398 
341130.00000 1291715.00000 341141.53534 1291706.87419 
350930.00000 1322445.00000 350941.36397 1322435.87861 
345630.00000 1320645.00000 345641.44136 1320635.98526 
345330.00000 1322745.00000 345341.47732 1322735.88221 
344330.00000 1315145.00000 344341.50357 1315136.07276 
344530.00000 1320515.00000 344541.50731 1320506.00860 
344630.00000 1322745.00000 344641.52179 1322735.89539 
344330.00000 1321715.00000 344341.53053 1321705.95445 
343730.00000 1313815.00000 343741.52834 1313806.14867 
343330.00000 1320045.00000 343341.57682 1320036.05382 
343630.00000 1321845.00000 343641.57977 1321835.95115 
342430.00000 1311245.00000 342441.58531 1311236.29519 
342730.00000 1312745.00000 342741.58809 1312736.22441 
342830.00000 1314715.00000 342841.60152 1314706.11970 
342930.00000 1320945.00000 342941.61566 1320936.00735 
342030.00000 1320045.00000 342041.66591 1320036.06735 
342830.00000 1322015.00000 342841.63558 1322005.95472 
341730.00000 1305745.00000 341741.61050 1305736.38501 
341130.00000 1311115.00000 341141.66540 1311106.33634 
341030.00000 1312745.00000 341041.69263 1312736.25194 
341330.00000 1314845.00000 341341.70275 1314836.14413 
341730.00000 1321545.00000 341741.70431 1321535.99423 
340130.00000 1305445.00000 340141.71287 1305436.42725 
340330.00000 1313345.00000 340341.73491 1313336.23485 
340830.00000 1314715.00000 340841.73226 1314706.15652 
340930.00000 1321115.00000 340941.75046 1321106.02983 
353030.00000 1333345.00000 353041.29783 1333335.44884 
353530.00000 1342015.00000 353541.30439 1342005.18758 
353330.00000 1342915.00000 353341.33106 1342905.15196 
353930.00000 1344545.00000 353941.30025 1344535.05358 
353530.00000 1345745.00000 353541.33640 1345734.99299 
353430.00000 1345745.00000 353441.34301 1345734.99417 
352630.00000 1324715.00000 352641.24552 1324705.69934 
352730.00000 1330345.00000 352741.26709 1330335.60561 
352130.00000 1331115.00000 352141.31918 1331105.56783 
352430.00000 1332315.00000 352441.31541 1332305.50723 
352930.00000 1334545.00000 352941.30313 1334535.38608 
352230.00000 1334545.00000 352241.35416 1334535.39172 
352730.00000 1340345.00000 352741.33866 1340335.29047 
352430.00000 1341415.00000 352441.37195 1341405.23869 
352430.00000 1343645.00000 352441.38946 1343635.12053 
352830.00000 1344545.00000 352841.37087 1344535.07050 
352830.00000 1345745.00000 352841.38356 1345735.00447 
351530.00000 1324415.00000 351541.32198 1324405.74007 
351430.00000 1325615.00000 351441.34284 1325605.66647 
351030.00000 1330515.00000 351041.38704 1330505.61966 
351630.00000 1332915.00000 351641.37285 1332905.49223 
351630.00000 1335615.00000 351641.40228 1335605.34806 
351530.00000 1341415.00000 351541.43185 1341405.25164 
351030.00000 1340345.00000 351041.44446 1340335.32025 
351930.00000 1344415.00000 351941.43350 1344405.08993 
350430.00000 1323515.00000 350441.40343 1323505.82436 
350430.00000 1324715.00000 350441.41098 1324705.75409 
350230.00000 1325445.00000 350241.43154 1325435.69549 
350930.00000 1331545.00000 350941.40562 1331535.57433 
350930.00000 1333645.00000 350941.42637 1333635.46157 
350430.00000 1333045.00000 350441.45559 1333035.50652 
350930.00000 1335145.00000 350941.43866 1335135.38749 
350430.00000 1340815.00000 350441.48917 1340805.30539 
350930.00000 1342315.00000 350941.47563 1342305.21540 
350030.00000 1342145.00000 350041.53168 1342135.24064 
350930.00000 1343345.00000 350941.48038 1343335.15728 
350430.00000 1344715.00000 350441.53221 1344705.09084 
350330.00000 1344715.00000 350341.53793 1344705.09279 
345630.00000 1323815.00000 345641.46805 1323805.82626 
345330.00000 1324715.00000 345341.48933 1324705.76830 
345630.00000 1330645.00000 345641.47753 1330635.64617 
345530.00000 1332015.00000 345541.49771 1332005.57915 
345830.00000 1335015.00000 345841.51129 1335005.40531 
345030.00000 1340515.00000 345041.57446 1340505.34642 
345530.00000 1343345.00000 345541.57558 1343335.18029 
345330.00000 1345745.00000 345341.60873 1345735.04457 
344030.00000 1324245.00000 344041.56893 1324235.83264 
344630.00000 1325445.00000 344641.54059 1325435.73596 
344130.00000 1330815.00000 344141.58358 1330805.67155 
344630.00000 1331715.00000 344641.55719 1331705.61055 
344730.00000 1333645.00000 344741.56762 1333635.49673 
344430.00000 1335615.00000 344441.60168 1335605.41137 
344730.00000 1342915.00000 344741.62463 1342905.22262 
344330.00000 1341545.00000 344341.63150 1341535.30051 
344630.00000 1344415.00000 344641.64193 1344405.13290 
344030.00000 1345445.00000 344041.69036 1345435.06886 
343230.00000 1325745.00000 343241.63803 1325735.74322 
343630.00000 1333045.00000 343641.64128 1333035.55549 
343530.00000 1334845.00000 343541.64577 1334835.45802 
343630.00000 1340945.00000 343641.66090 1340935.34590 
343230.00000 1345615.00000 343241.74313 1345605.06856 
342830.00000 1323215.00000 342841.65163 1323205.89609 
342330.00000 1325315.00000 342341.70427 1325305.78657 
342630.00000 1331115.00000 342641.69263 1331105.67706 
342830.00000 1332315.00000 342841.68890 1332305.61138 
342130.00000 1333515.00000 342141.75596 1333505.55182 
342930.00000 1335615.00000 342941.70229 1335605.43482 
342330.00000 1334545.00000 342341.73872 1334535.49582 
342830.00000 1341845.00000 342841.73462 1341835.30784 
342030.00000 1345315.00000 342041.82121 1345305.10164 
341730.00000 1323515.00000 341741.72452 1323505.89535 
341130.00000 1324415.00000 341141.78375 1324405.85635 
341730.00000 1331115.00000 341741.75984 1331105.68602 
341530.00000 1330215.00000 341541.77790 1330205.73674 
341730.00000 1334715.00000 341741.78755 1334705.49246 
341530.00000 1335915.00000 341541.80168 1335905.43618 
341430.00000 1341245.00000 341441.82765 1341235.34774 
341530.00000 1344245.00000 341541.84433 1344235.16350 
340630.00000 1323215.00000 340641.80619 1323205.92038 
340230.00000 1325745.00000 340241.85888 1325735.79234 
340930.00000 1334115.00000 340941.83950 1334105.54064 
340930.00000 1335615.00000 340941.85005 1335605.45908 
340030.00000 1340945.00000 340041.92975 1340935.38167 
340830.00000 1342745.00000 340841.88411 1342735.27441 
340430.00000 1342615.00000 340441.90961 1342605.28653 
340430.00000 1343045.00000 340441.91433 1343035.26132 
353330.00000 1350945.00000 353341.36135 1350934.93708 
353030.00000 1360945.00000 353041.42836 1360934.62873 
353530.00000 1364415.00000 353541.42403 1364404.37172 
353330.00000 1370045.00000 353341.46913 1370034.28201 
353930.00000 1372615.00000 353941.47198 1372604.13097 
352230.00000 1350645.00000 352241.43411 1350634.96724 
352730.00000 1352615.00000 352741.41504 1352604.85565 
352830.00000 1353815.00000 352841.41672 1353804.79985 
352330.00000 1353945.00000 352341.45081 1353934.79820 
352730.00000 1355145.00000 352741.43551 1355134.73877 
352130.00000 1355445.00000 352141.47429 1355434.72289 
352530.00000 1361715.00000 352541.47086 1361704.58234 
352230.00000 1362915.00000 352241.50602 1362904.50529 
352830.00000 1363515.00000 352841.46269 1363504.45172 
352630.00000 1365315.00000 352641.49995 1365304.33214 
352930.00000 1372915.00000 352941.55478 1372904.13685 
352030.00000 1371545.00000 352041.59285 1371534.22049 
351730.00000 1351545.00000 351741.47783 1351534.92293 
351030.00000 1352145.00000 351041.53183 1352134.89446 
351630.00000 1353345.00000 351641.49653 1353334.82930 
351130.00000 1354415.00000 351141.53699 1354404.78778 
351130.00000 1355615.00000 351141.54357 1355604.72265 
351330.00000 1361115.00000 351341.54462 1361104.63113 
351030.00000 1362745.00000 351041.58864 1362734.52660 
351430.00000 1363815.00000 351441.57105 1363804.45239 
351730.00000 1364545.00000 351741.55417 1364534.39322 
351030.00000 1365315.00000 351041.61265 1365304.36969 
351430.00000 1370345.00000 351441.60534 1370334.30271 
350930.00000 1350215.00000 350941.52513 1350205.00389 
350330.00000 1351715.00000 350341.57333 1351704.93465 
350430.00000 1353215.00000 350441.58030 1353204.85539 
350330.00000 1354715.00000 350341.59003 1354704.77680 
350330.00000 1361115.00000 350341.60856 1361104.63610 
350830.00000 1364245.00000 350841.61652 1364234.43572 
350530.00000 1370345.00000 350541.67220 1370334.31601 
350730.00000 1371845.00000 350741.68837 1371834.22459 
345230.00000 1351415.00000 345241.62564 1351404.95799 
345930.00000 1352915.00000 345941.60279 1352904.87176 
345330.00000 1353645.00000 345341.63982 1353634.83718 
345630.00000 1355615.00000 345641.64588 1355604.72637 
345230.00000 1360345.00000 345241.67593 1360334.69100 
345630.00000 1361715.00000 345641.66859 1361704.61427 
345830.00000 1363345.00000 345841.67361 1363334.50419 
345630.00000 1365015.00000 345641.71048 1365004.41748 
345430.00000 1370515.00000 345441.74983 1370504.32331 
345430.00000 1371715.00000 345441.77319 1371704.24936 
344230.00000 1351545.00000 344241.69200 1351534.95842 
344130.00000 1353045.00000 344141.71430 1353034.88249 
344730.00000 1354845.00000 344741.68963 1354834.77811 
344230.00000 1360945.00000 344241.74460 1360934.67598 
344930.00000 1362445.00000 344941.71525 1362434.57235 
344330.00000 1365315.00000 344341.79802 1365304.41648 
344730.00000 1370645.00000 344741.80825 1370634.33007 
344530.00000 1372315.00000 344541.84945 1372304.23986 
344430.00000 1372315.00000 344441.85548 1372304.24196 
343730.00000 1350345.00000 343741.71535 1350335.02567 
343630.00000 1354545.00000 343641.75518 1354534.80791 
343130.00000 1355615.00000 343141.80203 1355604.76472 
343730.00000 1360515.00000 343741.76901 1360504.71573 
343830.00000 1362145.00000 343841.79452 1362134.61325 
343230.00000 1363515.00000 343241.85194 1363504.53605 
343830.00000 1370945.00000 343841.87277 1370934.32076 
342030.00000 1351415.00000 342041.84124 1351404.99469 
342530.00000 1352745.00000 342541.82026 1352734.91713 
342830.00000 1353645.00000 342841.80588 1353634.86513 
342030.00000 1353645.00000 342041.85674 1353634.87192 
342630.00000 1354845.00000 342641.83046 1354834.80408 
342230.00000 1355915.00000 342241.86729 1355904.76033 
342530.00000 1362015.00000 342541.88071 1362004.63066 
342130.00000 1362445.00000 342141.91741 1362434.61164 
342130.00000 1363815.00000 342141.93595 1363804.53724 
342530.00000 1365015.00000 342541.92477 1365004.46837 
341130.00000 1351245.00000 341141.89637 1351235.00985 
341530.00000 1352315.00000 341541.88004 1352304.94916 
341630.00000 1354545.00000 341641.89105 1354534.82654 
341630.00000 1361245.00000 341641.93297 1361234.68710 
341630.00000 1365315.00000 341641.99119 1365304.46084 
340530.00000 1350645.00000 340541.93604 1350635.05051 
340530.00000 1352615.00000 340541.95555 1352604.94554 
340930.00000 1354545.00000 340941.93735 1354534.83536 
340030.00000 1355745.00000 340042.01167 1355734.77899 
340730.00000 1360045.00000 340741.96734 1360034.75424 
340930.00000 1361715.00000 340941.97573 1361704.66844 
353630.00000 1373645.00000 353641.51688 1373634.08650 
353630.00000 1375615.00000 353641.54397 1375603.97243 
353430.00000 1381845.00000 353441.59322 1381833.85742 
353330.00000 1382745.00000 353341.60939 1382733.81090 
353930.00000 1383215.00000 353941.56237 1383203.77754 
353630.00000 1385445.00000 353641.62058 1385433.65128 
353630.00000 1392445.00000 353641.65135 1392433.47795 
353130.00000 1391715.00000 353141.70198 1391703.52939 
353130.00000 1393045.00000 353141.71193 1393033.46707 
353030.00000 1393215.00000 353041.72425 1393203.46085 
352930.00000 1374245.00000 352941.57730 1374234.06016 
352830.00000 1375315.00000 352841.60124 1375304.00017 
352330.00000 1382745.00000 352341.68552 1382733.83052 
352830.00000 1384845.00000 352841.66969 1384833.70391 
352130.00000 1385915.00000 352141.73359 1385903.64180 
352530.00000 1392015.00000 352541.74634 1392003.51712 
352130.00000 1392745.00000 352141.78991 1392733.48767 
351830.00000 1373815.00000 351841.65146 1373804.10761 
351230.00000 1373045.00000 351241.67286 1373034.14927 
351930.00000 1375615.00000 351941.67161 1375604.00614 
351230.00000 1375615.00000 351241.72333 1375604.01641 
351030.00000 1381115.00000 351041.75719 1381103.93244 
351430.00000 1382145.00000 351441.73880 1382133.87644 
351430.00000 1383645.00000 351441.75999 1383633.78390 
351630.00000 1391115.00000 351641.80469 1391103.57360 
351530.00000 1394115.00000 351541.83205 1394103.41611 
351830.00000 1395015.00000 351841.83503 1395003.37062 
350830.00000 1374245.00000 350841.72382 1374234.09096 
350230.00000 1374245.00000 350241.76412 1374234.10204 
350630.00000 1383345.00000 350641.82249 1383333.79800 
350730.00000 1384715.00000 350741.82287 1384703.73578 
350630.00000 1390045.00000 350641.84817 1390033.66902 
350830.00000 1393645.00000 350841.87437 1393633.44571 
350030.00000 1395615.00000 350041.99356 1395603.35803 
345730.00000 1375315.00000 345741.82511 1375304.05477 
345630.00000 1380345.00000 345641.85375 1380334.00318 
345430.00000 1381115.00000 345441.87164 1381103.96156 
345830.00000 1382615.00000 345841.86421 1382603.86578 
345530.00000 1385615.00000 345541.90748 1385603.71371 
344930.00000 1373945.00000 344941.85297 1373934.13761 
344230.00000 1373345.00000 344241.89134 1373334.19482 
344530.00000 1374545.00000 344541.89577 1374534.11170 
344030.00000 1375015.00000 344041.94781 1375004.09959 
344530.00000 1380515.00000 344541.92505 1380504.01012 
344530.00000 1385145.00000 344541.95560 1385133.73382 
344630.00000 1390215.00000 344641.96579 1390203.69170 
344430.00000 1392145.00000 344442.03210 1392133.58238 
343530.00000 1381415.00000 -9999. -9999. 
343130.00000 1391715.00000 343142.16751 1391703.60319 
340430.00000 1392915.00000 340442.33370 1392903.65717 
353930.00000 1400645.00000 353941.67844 1400633.25633 
353030.00000 1401115.00000 353041.75102 1401103.25116 
353830.00000 1402745.00000 353841.71800 1402733.12793 
352630.00000 1402315.00000 352641.80109 1402303.18192 
351730.00000 1400515.00000 351741.85245 1400503.29412 
351630.00000 1402015.00000 351641.86924 1402003.21984 
350730.00000 1400945.00000 350741.93930 1400933.28076 
334730.00000 1294545.00000 334741.72196 1294536.77975 
334430.00000 1294545.00000 334441.73623 1294536.78845 
333230.00000 1295315.00000 333241.82224 1295306.77241 
332330.00000 1292615.00000 332341.83756 1292606.92101 
332130.00000 1293345.00000 332141.86582 1293336.88150 
332030.00000 1294245.00000 332041.88238 1294236.83960 
331030.00000 1294115.00000 331041.94332 1294106.86661 
331630.00000 1295315.00000 331641.92167 1295306.79636 
330330.00000 1293645.00000 330341.97761 1293636.89332 
330430.00000 1295145.00000 330441.99040 1295136.82039 
325830.00000 1290645.00000 325841.97492 1290637.04833 
325530.00000 1295745.00000 325542.05453 1295736.80331 
325430.00000 1294845.00000 325442.04565 1294836.84884 
324730.00000 1285145.00000 324742.02026 1285137.12996 
324630.00000 1294845.00000 324642.09219 1294836.86392 
323730.00000 1283645.00000 323742.05139 1283637.18615 
323430.00000 1294715.00000 323442.15302 1294706.88645 
335430.00000 1303945.00000 335441.73098 1303936.51567 
335730.00000 1311845.00000 335741.75921 1311836.32275 
335930.00000 1320815.00000 335941.81982 1320806.06430 
335630.00000 1321115.00000 335641.84309 1321106.05501 
334730.00000 1302745.00000 334741.77032 1302736.58194 
334130.00000 1304245.00000 334141.82630 1304236.51588 
334930.00000 1305615.00000 334941.78958 1305606.43357 
334330.00000 1313815.00000 334341.89001 1313806.23242 
333030.00000 1300815.00000 333041.85571 1300806.70200 
333330.00000 1302615.00000 333341.85670 1302606.60911 
333030.00000 1303215.00000 333041.88457 1303206.58147 
333230.00000 1305145.00000 333241.89532 1305136.48626 
333430.00000 1310945.00000 333441.89553 1310936.38621 
333130.00000 1312445.00000 333141.94309 1312436.31825 
332630.00000 1301845.00000 332641.89210 1301836.65167 
332330.00000 1304415.00000 332341.94099 1304406.53322 
332030.00000 1305615.00000 332041.97796 1305606.47689 
332630.00000 1310645.00000 332641.95056 1310636.41258 
332630.00000 1314245.00000 332641.99078 1314236.24341 
332230.00000 1313215.00000 332242.00043 1313206.30020 
332130.00000 1313215.00000 332142.00751 1313206.30254 
332930.00000 1322145.00000 332942.03212 1322136.01057 
332230.00000 1322445.00000 332242.08368 1322436.01153 
331530.00000 1300345.00000 331541.94087 1300336.74448 
331730.00000 1301715.00000 331741.94241 1301706.67784 
331230.00000 1302615.00000 331241.98316 1302606.63078 
331330.00000 1303815.00000 331341.99050 1303806.57464 
331730.00000 1310945.00000 331742.01146 1310936.41327 
331430.00000 1312015.00000 331442.03467 1312006.36639 
331030.00000 1313645.00000 331042.07843 1313636.28165 
331430.00000 1315145.00000 331442.08101 1315136.19896 
331030.00000 1321715.00000 331042.15798 1321706.06921 
330430.00000 1300645.00000 330442.01372 1300636.73700 
330530.00000 1310515.00000 330542.06807 1310506.46669 
330230.00000 1314115.00000 330242.13494 1314106.26918 
325630.00000 1302745.00000 325642.08460 1302736.64413 
325230.00000 1301845.00000 -9999. -9999. 
325930.00000 1304415.00000 325942.07974 1304406.56928 
325830.00000 1304845.00000 325842.08760 1304836.54924 
325730.00000 1312315.00000 325742.13386 1312306.37268 
325830.00000 1313515.00000 325842.14851 1313506.30876 
325130.00000 1314115.00000 325142.20657 1314106.29187 
325330.00000 1315915.00000 325342.22720 1315906.19653 
324630.00000 1300045.00000 324642.10951 1300036.81185 
324030.00000 1300945.00000 324042.13781 1300936.77281 
324630.00000 1304715.00000 324642.15116 1304706.57187 
324030.00000 1305915.00000 324042.20081 1305906.52863 
324830.00000 1310345.00000 324842.15782 1310336.48701 
324030.00000 1311115.00000 324042.21292 1311106.46625 
324330.00000 1315015.00000 324342.27320 1315006.26550 
323930.00000 1301845.00000 323942.15715 1301836.73465 
323730.00000 1303215.00000 323742.18787 1303206.65666 
323330.00000 1304115.00000 323342.21985 1304106.63185 
323230.00000 1304115.00000 323242.22657 1304106.63536 
323030.00000 1305745.00000 323042.26126 1305736.55557 
323930.00000 1312145.00000 323942.23315 1312136.41293 
323530.00000 1314115.00000 323542.29979 1314106.32616 
322230.00000 1300045.00000 322242.22639 1300036.84456 
322530.00000 1301715.00000 322542.22782 1301706.77262 
322230.00000 1303945.00000 322242.27590 1303936.65826 
322330.00000 1305015.00000 322342.28472 1305006.61842 
322930.00000 1310815.00000 322942.27045 1310806.50996 
322330.00000 1312015.00000 322342.32900 1312006.45858 
322530.00000 1313645.00000 322542.34467 1313636.36620 
335830.00000 1323815.00000 335841.84757 1323805.91645 
335130.00000 1324545.00000 335141.91424 1324535.87125 
335430.00000 1330345.00000 335441.91756 1330335.76119 
335530.00000 1331545.00000 335541.93207 1331535.69712 
335730.00000 1333045.00000 335741.93292 1333035.60907 
335830.00000 1334545.00000 335841.92624 1334535.52896 
335130.00000 1335445.00000 335141.99156 1335435.47467 
335330.00000 1342445.00000 335341.99951 1342435.30123 
335530.00000 1343945.00000 335541.98644 1343935.20375 
334430.00000 1324715.00000 334441.96500 1324705.85971 
334330.00000 1333215.00000 334342.03088 1333205.60893 
334230.00000 1335145.00000 334242.06336 1335135.49182 
334630.00000 1340645.00000 334642.03966 1340635.40238 
333230.00000 1323945.00000 333242.03905 1323935.92163 
333630.00000 1325745.00000 333642.03676 1325735.81243 
333430.00000 1330945.00000 333442.06975 1330935.73941 
333330.00000 1333345.00000 333342.11391 1333335.60282 
333930.00000 1342445.00000 333942.10515 1342435.30520 
333230.00000 1341715.00000 333242.15640 1341705.35227 
332630.00000 1325145.00000 332642.10487 1325135.85314 
332330.00000 1331715.00000 332342.16370 1331705.69950 
332530.00000 1340045.00000 332542.20839 1340035.44290 
331230.00000 1323345.00000 331242.16797 1323335.97425 
331930.00000 1324845.00000 331942.14472 1324835.88058 
331530.00000 1330815.00000 331542.20689 1330805.76297 
331730.00000 1340945.00000 331742.26090 1340935.37981 
330830.00000 1324415.00000 330842.21245 1324405.91978 
325730.00000 1323345.00000 325742.26356 1323335.99270 
325630.00000 1324415.00000 325642.29661 1324405.93250 
325030.00000 1324245.00000 325042.33153 1324235.96187 
325930.00000 1330045.00000 -9999. -9999. 
324630.00000 1325745.00000 324642.39008 1325735.87669 
335530.00000 1350945.00000 335542.01621 1350935.04370 
335330.00000 1352915.00000 335342.03959 1352904.94567 
335630.00000 1354845.00000 335642.03344 1354834.82955 
335030.00000 1354715.00000 335042.07667 1354704.83758 
335930.00000 1361245.00000 335942.03600 1361234.70182 
335230.00000 1360345.00000 335242.07223 1360334.75222 
334930.00000 1353815.00000 334942.07411 1353804.88988 
334330.00000 1355915.00000 334342.13568 1355904.77890 
333830.00000 1352445.00000 333842.14750 1352434.97361 
333030.00000 1353645.00000 333042.21119 1353634.90794 
333030.00000 1355015.00000 333042.21885 1355004.84228 
335330.00000 1393515.00000 335342.51594 1393503.56077 
330630.00000 1394715.00000 330643.06082 1394703.64322 
330330.00000 1394845.00000 330343.08722 1394833.64788 
315030.00000 1295445.00000 315042.40939 1295436.95598 
313830.00000 1294245.00000 313842.45428 1294237.03515 
321730.00000 1301415.00000 321742.27670 1301406.80016 
321130.00000 1300215.00000 321142.29057 1300206.86343 
321330.00000 1302745.00000 321342.31232 1302736.74182 
321630.00000 1305915.00000 321642.34246 1305906.58396 
321230.00000 1304545.00000 321242.34361 1304536.65487 
321330.00000 1310945.00000 321342.37489 1310936.53155 
321430.00000 1313345.00000 321442.40847 1313336.40409 
320330.00000 1302015.00000 320342.36826 1302006.79505 
320030.00000 1303815.00000 320042.40565 1303806.71665 
320230.00000 1304845.00000 320242.41875 1304836.66702 
320430.00000 1310345.00000 320442.41986 1310336.58255 
320730.00000 1312315.00000 320742.43456 1312306.48021 
315730.00000 1301245.00000 315742.39564 1301236.83685 
315430.00000 1302745.00000 315442.42953 1302736.78239 
315330.00000 1304245.00000 315342.45708 1304236.71664 
315530.00000 1310045.00000 315542.46660 1310036.61216 
315930.00000 1311545.00000 315942.46844 1311536.53001 
315030.00000 1312315.00000 315042.52582 1312306.52556 
314330.00000 1301545.00000 314342.48399 1301536.86477 
314530.00000 1303345.00000 314542.49809 1303336.78228 
314430.00000 1304545.00000 314442.51211 1304536.71874 
314630.00000 1310945.00000 314642.53662 1310936.59459 
313530.00000 1302015.00000 313542.53827 1302006.86397 
313630.00000 1303345.00000 313642.54664 1303336.80132 
313730.00000 1305745.00000 313742.57326 1305736.68030 
313430.00000 1312445.00000 313442.62113 1312436.55575 
313130.00000 1312145.00000 313142.63602 1312136.56843 
312430.00000 1301115.00000 312442.60212 1301106.93942 
312230.00000 1302315.00000 312242.62596 1302306.88278 
312930.00000 1304245.00000 312942.60165 1304236.76835 
312330.00000 1303215.00000 312342.63335 1303206.82796 
312230.00000 1305145.00000 312242.66228 1305136.74556 
312730.00000 1311245.00000 312742.66040 1311236.61472 
312630.00000 1310045.00000 312642.65392 1310036.68904 
311530.00000 1301845.00000 311542.66611 1301836.92117 
311630.00000 1303215.00000 311642.67612 1303206.84453 
311130.00000 1304845.00000 311142.72946 1304836.78092 
311730.00000 1310345.00000 311742.70797 1310336.69213 
311630.00000 1310515.00000 311642.71653 1310506.68473 
310530.00000 1304115.00000 310542.75956 1304106.83246 
304730.00000 1310215.00000 304742.90248 1310206.77595 
295030.00000 1295145.00000 295043.10966 1295137.22073 
302330.00000 1302615.00000 302342.98016 1302606.98523 
302530.00000 1305445.00000 302543.01253 1305436.86885 
